  wstring.c
  textdefs.c
  prefix.c
  operands.c
  mnemonics.c
  insts.c
  instructions.c
  distorm.c
  decoder.c
  Generating Code...
  ScyllaHideTEPlugin.cpp
  Injector.cpp
  IniSettings.cpp
  RemotePebHider.cpp
  RemoteHook.cpp
  ReadNtConfig.cpp
  DynamicMapping.cpp
  ApplyHooking.cpp
  Generating Code...
     Creating library C:\Hex-Rays.IDA.Pro.Advanced.v6.5\idasdk\plugins\ScyllaHide\Debug\plugins\ScyllaHideTEx86.lib and object C:\Hex-Rays.IDA.Pro.Advanced.v6.5\idasdk\plugins\ScyllaHide\Debug\plugins\ScyllaHideTEx86.exp
     Creating library C:\Hex-Rays.IDA.Pro.Advanced.v6.5\idasdk\plugins\ScyllaHide\Debug\plugins\ScyllaHideTEx86.lib and object C:\Hex-Rays.IDA.Pro.Advanced.v6.5\idasdk\plugins\ScyllaHide\Debug\plugins\ScyllaHideTEx86.exp
  ScyllaHideTEPlugin.vcxproj -> C:\Hex-Rays.IDA.Pro.Advanced.v6.5\idasdk\plugins\ScyllaHide\Debug\plugins\ScyllaHideTEx86.dll
