  wstring.c
  textdefs.c
  prefix.c
  operands.c
  mnemonics.c
  insts.c
  instructions.c
  distorm.c
  decoder.c
  Generating Code...
  ScyllaHideOlly2Plugin.cpp
  UpdateCheck.cpp
  OptionsDialog.cpp
  Injector.cpp
  IniSettings.cpp
  AttachDialog.cpp
  RemotePebHider.cpp
  RemoteHook.cpp
  ReadNtConfig.cpp
  DynamicMapping.cpp
  ApplyHooking.cpp
  Generating Code...
     Creating library C:\Hex-Rays.IDA.Pro.Advanced.v6.5\idasdk\plugins\ScyllaHide\Debug\plugins\ScyllaHideOlly2.lib and object C:\Hex-Rays.IDA.Pro.Advanced.v6.5\idasdk\plugins\ScyllaHide\Debug\plugins\ScyllaHideOlly2.exp
  ScyllaHideOlly2Plugin.vcxproj -> C:\Hex-Rays.IDA.Pro.Advanced.v6.5\idasdk\plugins\ScyllaHide\Debug\plugins\ScyllaHideOlly2.dll
